# JRE version: OpenJDK Runtime Environment (17.0.7) (build 17.0.7+0-b2043.56-10550314)
# Java VM: OpenJDK 64-Bit Server VM (17.0.7+0-b2043.56-10550314, mixed mode, tiered, compressed oops, compressed class ptrs, g1 gc, windows-amd64)
GC Precious Log:
 CPUs: 4 total, 4 available
 Memory: 12211M
 Large Page Support: Disabled
 NUMA Support: Disabled
 Compressed Oops: Enabled (Zero based)
 Heap Region Size: 2M
 Heap Min Capacity: 8M
 Heap Initial Capacity: 192M
 Heap Max Capacity: 3054M
 Pre-touch: Disabled
 Parallel Workers: 4
 Concurrent Workers: 1
 Concurrent Refinement Workers: 4
 Periodic GC: Disabled
Heap:
 garbage-first heap   total 204800K, used 110300K [0x0000000741200000, 0x0000000800000000)
  region size 2048K, 34 young (69632K), 2 survivors (4096K)
 Metaspace       used 56540K, committed 56768K, reserved 1114112K
  class space    used 6597K, committed 6720K, reserved 1048576K
GC Heap History (20 events):
Event: 6.518 GC heap before
{Heap before GC invocations=8 (full 0):
 garbage-first heap   total 49152K, used 31391K [0x0000000741200000, 0x0000000800000000)
  region size 2048K, 8 young (16384K), 1 survivors (2048K)
 Metaspace       used 31972K, committed 32128K, reserved 1114112K
  class space    used 4052K, committed 4160K, reserved 1048576K
}
Event: 6.525 GC heap after
{Heap after GC invocations=9 (full 0):
 garbage-first heap   total 49152K, used 20903K [0x0000000741200000, 0x0000000800000000)
  region size 2048K, 1 young (2048K), 1 survivors (2048K)
 Metaspace       used 31972K, committed 32128K, reserved 1114112K
  class space    used 4052K, committed 4160K, reserved 1048576K
}
Event: 7.006 GC heap before
{Heap before GC invocations=9 (full 0):
 garbage-first heap   total 49152K, used 33191K [0x0000000741200000, 0x0000000800000000)
  region size 2048K, 7 young (14336K), 1 survivors (2048K)
 Metaspace       used 34414K, committed 34624K, reserved 1114112K
  class space    used 4265K, committed 4352K, reserved 1048576K
}
Event: 7.012 GC heap after
{Heap after GC invocations=10 (full 0):
 garbage-first heap   total 49152K, used 22377K [0x0000000741200000, 0x0000000800000000)
  region size 2048K, 1 young (2048K), 1 survivors (2048K)
 Metaspace       used 34414K, committed 34624K, reserved 1114112K
  class space    used 4265K, committed 4352K, reserved 1048576K
}
Event: 7.199 GC heap before
{Heap before GC invocations=10 (full 0):
 garbage-first heap   total 49152K, used 28521K [0x0000000741200000, 0x0000000800000000)
  region size 2048K, 5 young (10240K), 1 survivors (2048K)
 Metaspace       used 35772K, committed 35968K, reserved 1114112K
  class space    used 4372K, committed 4480K, reserved 1048576K
}
Event: 7.204 GC heap after
{Heap after GC invocations=11 (full 0):
 garbage-first heap   total 94208K, used 23912K [0x0000000741200000, 0x0000000800000000)
  region size 2048K, 1 young (2048K), 1 survivors (2048K)
 Metaspace       used 35772K, committed 35968K, reserved 1114112K
  class space    used 4372K, committed 4480K, reserved 1048576K
}
Event: 8.715 GC heap before
{Heap before GC invocations=12 (full 0):
 garbage-first heap   total 90112K, used 64872K [0x0000000741200000, 0x0000000800000000)
  region size 2048K, 22 young (45056K), 1 survivors (2048K)
 Metaspace       used 42448K, committed 42688K, reserved 1114112K
  class space    used 5152K, committed 5248K, reserved 1048576K
}
Event: 8.727 GC heap after
{Heap after GC invocations=13 (full 0):
 garbage-first heap   total 90112K, used 26868K [0x0000000741200000, 0x0000000800000000)
  region size 2048K, 3 young (6144K), 3 survivors (6144K)
 Metaspace       used 42448K, committed 42688K, reserved 1114112K
  class space    used 5152K, committed 5248K, reserved 1048576K
}
Event: 8.740 GC heap before
{Heap before GC invocations=13 (full 0):
 garbage-first heap   total 90112K, used 28916K [0x0000000741200000, 0x0000000800000000)
  region size 2048K, 4 young (8192K), 3 survivors (6144K)
 Metaspace       used 42450K, committed 42688K, reserved 1114112K
  class space    used 5152K, committed 5248K, reserved 1048576K
}
Event: 8.754 GC heap after
{Heap after GC invocations=14 (full 0):
 garbage-first heap   total 90112K, used 26477K [0x0000000741200000, 0x0000000800000000)
  region size 2048K, 1 young (2048K), 1 survivors (2048K)
 Metaspace       used 42450K, committed 42688K, reserved 1114112K
  class space    used 5152K, committed 5248K, reserved 1048576K
}
Event: 11.699 GC heap before
{Heap before GC invocations=14 (full 0):
 garbage-first heap   total 90112K, used 65389K [0x0000000741200000, 0x0000000800000000)
  region size 2048K, 19 young (38912K), 1 survivors (2048K)
 Metaspace       used 46506K, committed 46720K, reserved 1114112K
  class space    used 5577K, committed 5696K, reserved 1048576K
}
Event: 11.709 GC heap after
{Heap after GC invocations=15 (full 0):
 garbage-first heap   total 90112K, used 31045K [0x0000000741200000, 0x0000000800000000)
  region size 2048K, 2 young (4096K), 2 survivors (4096K)
 Metaspace       used 46506K, committed 46720K, reserved 1114112K
  class space    used 5577K, committed 5696K, reserved 1048576K
}
Event: 14.194 GC heap before
{Heap before GC invocations=16 (full 0):
 garbage-first heap   total 90112K, used 65861K [0x0000000741200000, 0x0000000800000000)
  region size 2048K, 19 young (38912K), 2 survivors (4096K)
 Metaspace       used 50248K, committed 50496K, reserved 1114112K
  class space    used 5963K, committed 6080K, reserved 1048576K
}
Event: 14.219 GC heap after
{Heap after GC invocations=17 (full 0):
 garbage-first heap   total 90112K, used 37765K [0x0000000741200000, 0x0000000800000000)
  region size 2048K, 3 young (6144K), 3 survivors (6144K)
 Metaspace       used 50248K, committed 50496K, reserved 1114112K
  class space    used 5963K, committed 6080K, reserved 1048576K
}
Event: 14.386 GC heap before
{Heap before GC invocations=17 (full 0):
 garbage-first heap   total 90112K, used 39813K [0x0000000741200000, 0x0000000800000000)
  region size 2048K, 4 young (8192K), 3 survivors (6144K)
 Metaspace       used 50331K, committed 50560K, reserved 1114112K
  class space    used 5963K, committed 6080K, reserved 1048576K
}
Event: 14.404 GC heap after
{Heap after GC invocations=18 (full 0):
 garbage-first heap   total 90112K, used 38660K [0x0000000741200000, 0x0000000800000000)
  region size 2048K, 1 young (2048K), 1 survivors (2048K)
 Metaspace       used 50331K, committed 50560K, reserved 1114112K
  class space    used 5963K, committed 6080K, reserved 1048576K
}
Event: 16.645 GC heap before
{Heap before GC invocations=18 (full 0):
 garbage-first heap   total 90112K, used 65284K [0x0000000741200000, 0x0000000800000000)
  region size 2048K, 14 young (28672K), 1 survivors (2048K)
 Metaspace       used 50710K, committed 50944K, reserved 1114112K
  class space    used 5971K, committed 6080K, reserved 1048576K
}
Event: 16.669 GC heap after
{Heap after GC invocations=19 (full 0):
 garbage-first heap   total 90112K, used 43653K [0x0000000741200000, 0x0000000800000000)
  region size 2048K, 2 young (4096K), 2 survivors (4096K)
 Metaspace       used 50710K, committed 50944K, reserved 1114112K
  class space    used 5971K, committed 6080K, reserved 1048576K
}
Event: 17.619 GC heap before
{Heap before GC invocations=19 (full 0):
 garbage-first heap   total 90112K, used 66181K [0x0000000741200000, 0x0000000800000000)
  region size 2048K, 13 young (26624K), 2 survivors (4096K)
 Metaspace       used 51004K, committed 51200K, reserved 1114112K
  class space    used 5996K, committed 6080K, reserved 1048576K
}
Event: 17.645 GC heap after
{Heap after GC invocations=20 (full 0):
 garbage-first heap   total 204800K, used 46812K [0x0000000741200000, 0x0000000800000000)
  region size 2048K, 2 young (4096K), 2 survivors (4096K)
 Metaspace       used 51004K, committed 51200K, reserved 1114112K
  class space    used 5996K, committed 6080K, reserved 1048576K
}

